<?xml version="1.0" encoding="UTF-8"?>
<!-- Generated by org.testng.reporters.JUnitReportReporter -->
<testsuite name="com.hrm.scripts.VerifyAutoLoginLogout" tests="1" time="0.000" ignored="9" failures="0" timestamp="13 Feb 2017 10:22:47 GMT" skipped="1" hostname="Gangadhar" errors="0">
  <testcase name="testAutoLoginLogout" time="0.000" classname="com.hrm.scripts.VerifyAutoLoginLogout">
    <skipped/>
  </testcase> <!-- testAutoLoginLogout -->
  <testcase name="initReport" classname="com.hrm.base.BaseTest">
    <skipped/>
  </testcase> <!-- initReport -->
  <testcase name="initReport" classname="com.hrm.base.BaseTest">
    <skipped/>
  </testcase> <!-- initReport -->
  <testcase name="initReport" classname="com.hrm.base.BaseTest">
    <skipped/>
  </testcase> <!-- initReport -->
  <testcase name="publishReport" classname="com.hrm.base.BaseTest">
    <skipped/>
  </testcase> <!-- publishReport -->
  <testcase name="publishReport" classname="com.hrm.base.BaseTest">
    <skipped/>
  </testcase> <!-- publishReport -->
  <testcase name="publishReport" classname="com.hrm.base.BaseTest">
    <skipped/>
  </testcase> <!-- publishReport -->
  <testcase name="initGlobalVar" classname="com.hrm.base.BaseTest">
    <skipped/>
  </testcase> <!-- initGlobalVar -->
  <testcase name="initGlobalVar" classname="com.hrm.base.BaseTest">
    <skipped/>
  </testcase> <!-- initGlobalVar -->
  <testcase name="initGlobalVar" classname="com.hrm.base.BaseTest">
    <skipped/>
  </testcase> <!-- initGlobalVar -->
</testsuite> <!-- com.hrm.scripts.VerifyAutoLoginLogout -->
